<?xml version="1.0" encoding="UTF-8"?>
<Site BuildName="(empty)"
	BuildStamp="20250210-2259-Experimental"
	Name="parthp24"
	Generator="ctest-3.22.1"
	CompilerName="/usr/bin/g++"
	CompilerVersion="11.4.0"
	OSName="Linux"
	Hostname="parthp24"
	OSRelease="6.8.0-52-generic"
	OSVersion="#53~22.04.1-Ubuntu SMP PREEMPT_DYNAMIC Wed Jan 15 19:18:46 UTC 2"
	OSPlatform="x86_64"
	Is64Bits="1"
	VendorString="AuthenticAMD"
	VendorID="Advanced Micro Devices"
	FamilyID="25"
	ModelID="116"
	ProcessorCacheSize="1024"
	NumberOfLogicalCPU="16"
	NumberOfPhysicalCPU="8"
	TotalVirtualMemory="2047"
	TotalPhysicalMemory="15168"
	LogicalProcessorsPerPhysical="2"
	ProcessorClockFrequency="2870.57"
	>
	<Testing>
		<StartDateTime>Feb 10 17:59 EST</StartDateTime>
		<StartTestTime>1739228389</StartTestTime>
		<TestList/>
		<EndDateTime>Feb 10 17:59 EST</EndDateTime>
		<EndTestTime>1739228389</EndTestTime>
		<ElapsedMinutes>0</ElapsedMinutes>
	</Testing>
</Site>
